Arguments: 
  C:\Program Files\nodejs\node.exe C:\Users\muzammiluddins\AppData\Roaming\npm\node_modules\yarn\bin\yarn.js add -D ts-node

PATH: 
  C:\Users\muzammiluddins\bin;C:\Program Files\Git\mingw64\bin;C:\Program Files\Git\usr\local\bin;C:\Program Files\Git\usr\bin;C:\Program Files\Git\usr\bin;C:\Program Files\Git\mingw64\bin;C:\Program Files\Git\usr\bin;C:\Users\muzammiluddins\bin;C:\Program Files\Common Files\Oracle\Java\javapath;C:\windows\system32;C:\windows;C:\windows\System32\Wbem;C:\windows\System32\WindowsPowerShell\v1.0;C:\windows\System32\OpenSSH;C:\Program Files\Git\cmd;C:\Program Files\nodejs;C:\ProgramData\chocolatey\bin;C:\Users\muzammiluddins\AppData\Local\Programs\Python\Python39\Scripts;C:\Users\muzammiluddins\AppData\Local\Programs\Python\Python39;C:\Users\muzammiluddins\AppData\Local\Microsoft\WindowsApps;C:\Users\muzammiluddins\AppData\Local\Programs\Microsoft VS Code\bin;C:\Users\muzammiluddins\AppData\Roaming\npm;C:\Program Files\Git\usr\bin\vendor_perl;C:\Program Files\Git\usr\bin\core_perl

Yarn version: 
  1.22.10

Node version: 
  14.17.0

Platform: 
  win32 x64

Trace: 
  SyntaxError: C:\Users\muzammiluddins\Desktop\Workspace\reddit_clone\package.json: Unexpected string in JSON at position 225
      at JSON.parse (<anonymous>)
      at C:\Users\muzammiluddins\AppData\Roaming\npm\node_modules\yarn\lib\cli.js:1625:59
      at Generator.next (<anonymous>)
      at step (C:\Users\muzammiluddins\AppData\Roaming\npm\node_modules\yarn\lib\cli.js:310:30)
      at C:\Users\muzammiluddins\AppData\Roaming\npm\node_modules\yarn\lib\cli.js:321:13

npm manifest: 
  {
    "name": "reddit_clone",
    "version": "1.0.0",
    "description": "A reddit like app made by following an online tutorial.",
    "main": "index.js",
    "scripts": {
      "test": "echo \"Error: no test specified\" && exit 1"
      "start": "ts-node src/index.ts"
    },
    "repository": {
      "type": "git",
      "url": "git+https://github.com/Muzammiluddin-Syed-ECE/reddit_clone.git"
    },
    "keywords": [],
    "author": "",
    "license": "ISC",
    "bugs": {
      "url": "https://github.com/Muzammiluddin-Syed-ECE/reddit_clone/issues"
    },
    "homepage": "https://github.com/Muzammiluddin-Syed-ECE/reddit_clone#readme",
    "devDependencies": {
      "@types/node": "^15.3.0",
      "@types/pino": "^6.3.8",
      "typescript": "^4.2.4"
    }
  }

yarn manifest: 
  No manifest

Lockfile: 
  # THIS IS AN AUTOGENERATED FILE. DO NOT EDIT THIS FILE DIRECTLY.
  # yarn lockfile v1
  
  
  "@types/node@*", "@types/node@^15.3.0":
    version "15.3.0"
    resolved "https://registry.yarnpkg.com/@types/node/-/node-15.3.0.tgz#d6fed7d6bc6854306da3dea1af9f874b00783e26"
    integrity sha512-8/bnjSZD86ZfpBsDlCIkNXIvm+h6wi9g7IqL+kmFkQ+Wvu3JrasgLElfiPgoo8V8vVfnEi0QVS12gbl94h9YsQ==
  
  "@types/pino-pretty@*":
    version "4.7.0"
    resolved "https://registry.yarnpkg.com/@types/pino-pretty/-/pino-pretty-4.7.0.tgz#e4a18541f8464d1cc48216f5593cc6a0e62dc2c3"
    integrity sha512-fIZ+VXf9gJoJR4tiiM7G+j/bZkPoZEfFGzA4d8tAWCTpTVyvVaBwnmdLs3wEXYpMjw8eXulrOzNCjmGHT3FgHw==
    dependencies:
      "@types/pino" "*"
  
  "@types/pino-std-serializers@*":
    version "2.4.1"
    resolved "https://registry.yarnpkg.com/@types/pino-std-serializers/-/pino-std-serializers-2.4.1.tgz#f8bd52a209c8b3c97d1533b1ba27f57c816382bf"
    integrity sha512-17XcksO47M24IVTVKPeAByWUd3Oez7EbIjXpSbzMPhXVzgjGtrOa49gKBwxH9hb8dKv58OelsWQ+A1G1l9S3wQ==
    dependencies:
      "@types/node" "*"
  
  "@types/pino@*", "@types/pino@^6.3.8":
    version "6.3.8"
    resolved "https://registry.yarnpkg.com/@types/pino/-/pino-6.3.8.tgz#ec589318c2798216a0f39882845c5e40b7151b56"
    integrity sha512-E47CmRy1FNMaCN8r0d8ECQOjXen9O0p6GGsUjLfmawlxRKosZ82WP1oWVKj+ikTkMDHxWzN5BuKmplo44ynrIg==
    dependencies:
      "@types/node" "*"
      "@types/pino-pretty" "*"
      "@types/pino-std-serializers" "*"
      "@types/sonic-boom" "*"
  
  "@types/sonic-boom@*":
    version "0.7.0"
    resolved "https://registry.yarnpkg.com/@types/sonic-boom/-/sonic-boom-0.7.0.tgz#38337036293992a1df65dd3161abddf8fb9b7176"
    integrity sha512-AfqR0fZMoUXUNwusgXKxcE9DPlHNDHQp6nKYUd4PSRpLobF5CCevSpyTEBcVZreqaWKCnGBr9KI1fHMTttoB7A==
    dependencies:
      "@types/node" "*"
  
  typescript@^4.2.4:
    version "4.2.4"
    resolved "https://registry.yarnpkg.com/typescript/-/typescript-4.2.4.tgz#8610b59747de028fda898a8aef0e103f156d0961"
    integrity sha512-V+evlYHZnQkaz8TRBuxTA92yZBPotr5H+WhQ7bD3hZUndx5tGOa1fuCgeSjxAzM1RiN5IzvadIXTVefuuwZCRg==
